#
# A fatal error has been detected by the Java Runtime Environment:
#
#  EXCEPTION_ACCESS_VIOLATION (0xc0000005) at pc=0x0000016ad92e3550, pid=12136, tid=5992
#
# JRE version: OpenJDK Runtime Environment (19.0+36) (build 19+36-2238)
# Java VM: OpenJDK 64-Bit Server VM (19+36-2238, mixed mode, emulated-client, sharing, tiered, compressed oops, compressed class ptrs, g1 gc, windows-amd64)
# Problematic frame:
# v  ~BufferBlob::MethodHandles adapters 0x0000016ad92e3550
#
# No core dump will be written. Minidumps are not enabled by default on client versions of Windows
#
# If you would like to submit a bug report, please visit:
#   https://bugreport.java.com/bugreport/crash.jsp
#

---------------  S U M M A R Y ------------

Command Line: -XX:+ShowCodeDetailsInExceptionMessages -agentlib:jdwp=transport=dt_socket,suspend=y,address=localhost:51722 -Dcom.sun.management.jmxremote -Dcom.sun.management.jmxremote.port=51720 -Dcom.sun.management.jmxremote.authenticate=false -Dcom.sun.management.jmxremote.ssl=false -Djava.rmi.server.hostname=localhost -Dspring.jmx.enabled=true -Dmanagement.endpoints.jmx.exposure.include=* -Dspring.application.admin.enabled=true -XX:TieredStopAtLevel=1 -Dspring.boot.project.name=appp_projeto -javaagent:D:\luis\eclipse\configuration\org.eclipse.osgi\446\0\.cp\lib\javaagent-shaded.jar -Dfile.encoding=UTF-8 -Dstdout.encoding=UTF-8 -Dstderr.encoding=UTF-8 com.projeto.ApppProjetoApplication --spring.output.ansi.enabled=always

Host: 11th Gen Intel(R) Core(TM) i3-1115G4 @ 3.00GHz, 4 cores, 19G,  Windows 11 , 64 bit Build 22000 (10.0.22000.2538)
Time: Mon Nov 25 20:14:05 2024 Hora oficial do Brasil elapsed time: 3352.978978 seconds (0d 0h 55m 52s)

---------------  T H R E A D  ---------------

Current thread (0x0000016af0c46ad0):  JavaThread "restartedMain" [_thread_in_Java, id=5992, stack(0x0000001b55d00000,0x0000001b55e00000)]

Stack: [0x0000001b55d00000,0x0000001b55e00000],  sp=0x0000001b55dfd7c8,  free space=1013k
Native frames: (J=compiled Java code, j=interpreted, Vv=VM code, C=native code)
C  0x0000016ad92e3550


siginfo: EXCEPTION_ACCESS_VIOLATION (0xc0000005), reading address 0xffffffffffffffff


Registers:
RAX=0x0000016ad92bbffa, RBX=0xd910414a00000000, RCX=0x0000001b55dfd7d0, RDX=0x0000000000000002
RSP=0x0000001b55dfd7c8, RBP=0x0000001b55dfd818, RSI=0x0000016aefa7eb98, RDI=0x0000016af14a3c30
R8 =0x0000000000000004, R9 =0x0000000000000004, R10=0x00007ffc8113edb0, R11=0x00000008000d97f8
R12=0x0000000000000000, R13=0x0000001b55dfd7c8, R14=0x0000001b55dfd838, R15=0x0000016af0c46ad0
RIP=0x0000016ad92e3550, EFLAGS=0x0000000000010202


Register to memory mapping:

RIP=0x0000016ad92e3550 is at begin+68 in a stub
MethodHandle::interpreter_entry::_linkToSpecial [0x0000016ad92e350c, 0x0000016ad92e355b] (79 bytes)
RAX=0x0000016ad92bbffa is at code_begin+3066 in an Interpreter codelet
return entry points  [0x0000016ad92bb400, 0x0000016ad92bd200]  7680 bytes
RBX=0xd910414a00000000 is an unknown value
RCX=0x0000001b55dfd7d0 is pointing into the stack for thread: 0x0000016af0c46ad0
RDX=0x0000000000000002 is an unknown value
RSP=0x0000001b55dfd7c8 is pointing into the stack for thread: 0x0000016af0c46ad0
RBP=0x0000001b55dfd818 is pointing into the stack for thread: 0x0000016af0c46ad0
RSI=0x0000016aefa7eb98 points into unknown readable memory: 0x88003e009b96ca7c | 7c ca 96 9b 00 3e 00 88
RDI=0x0000016af14a3c30 points into unknown readable memory: 0x0000001800000070 | 70 00 00 00 18 00 00 00
R8 =0x0000000000000004 is an unknown value
R9 =0x0000000000000004 is an unknown value
R10=0x00007ffc8113edb0 jvm.dll
R11={method} {0x00000008000d9800} 'newInvokeSpecial' '(Ljava/lang/Object;)Ljava/lang/Object;' in 'java/lang/invoke/DirectMethodHandle$Holder'
R12=0x0 is NULL
R13=0x0000001b55dfd7c8 is pointing into the stack for thread: 0x0000016af0c46ad0
R14=0x0000001b55dfd838 is pointing into the stack for thread: 0x0000016af0c46ad0
R15=0x0000016af0c46ad0 is a thread


Top of Stack: (sp=0x0000001b55dfd7c8)
0x0000001b55dfd7c8:   0000016ad92bbffa 0000001b55dfd7d0
0x0000001b55dfd7d8:   0000000800738bb7 0000001b55dfd838
0x0000001b55dfd7e8:   00000008000d4cc0 0000001b55dfe8b0
0x0000001b55dfd7f8:   00000006c3216f80 00000008000d97f8
0x0000001b55dfd808:   0000001b55dfd7c8 0000001b55dfd840
0x0000001b55dfd818:   0000001b55dfe8b0 0000016ad961d646
0x0000001b55dfd828:   00000006c8820958 00000006c8820a00
0x0000001b55dfd838:   00000006c88209b8 00000006c8820768
0x0000001b55dfd848:   0000000000000000 0000001b55dfe8b0
0x0000001b55dfd858:   0000016ad9b5a184 0000000000000000
0x0000001b55dfd868:   0000000000000000 0000000000000000
0x0000001b55dfd878:   0000000000000000 0000000000000000
0x0000001b55dfd888:   0000000000000000 0000000000000000
0x0000001b55dfd898:   0000000000000000 0000000000000000
0x0000001b55dfd8a8:   0000000000000000 0000000000000000
0x0000001b55dfd8b8:   0000000000000000 00000006c3221e78 

Instructions: (pc=0x0000016ad92e3550)
0x0000016ad92e3450:   bf f8 04 00 00 00 74 03 ff 63 38 ff 63 50 e9 9d
0x0000016ad92e3460:   16 00 00 66 66 66 0f 1f 84 00 00 00 00 00 66 66
0x0000016ad92e3470:   66 90 66 66 0f 1f 84 00 00 00 00 00 66 66 66 90
0x0000016ad92e3480:   48 8b 53 08 0f b7 52 2c 48 8b 0c d4 58 5b 50 44
0x0000016ad92e3490:   8b 51 08 49 bb 00 00 00 00 08 00 00 00 4d 03 d3
0x0000016ad92e34a0:   4c 8b 5b 10 4b 8b 9c da b8 01 00 00 48 85 db 0f
0x0000016ad92e34b0:   84 10 00 00 00 41 80 bf f8 04 00 00 00 74 03 ff
0x0000016ad92e34c0:   63 38 ff 63 50 e9 36 16 00 00 66 66 66 0f 1f 84
0x0000016ad92e34d0:   00 00 00 00 00 66 66 66 90 0f 1f 80 00 00 00 00
0x0000016ad92e34e0:   58 5b 50 8b 5b 24 48 c1 e3 03 48 8b 5b 10 48 85
0x0000016ad92e34f0:   db 0f 84 10 00 00 00 41 80 bf f8 04 00 00 00 74
0x0000016ad92e3500:   03 ff 63 38 ff 63 50 e9 f4 15 00 00 66 66 66 0f
0x0000016ad92e3510:   1f 84 00 00 00 00 00 66 66 66 90 0f 1f 44 00 00
0x0000016ad92e3520:   48 8b 53 08 0f b7 52 2c 48 8b 0c d4 58 5b 50 48
0x0000016ad92e3530:   3b 01 8b 5b 24 48 c1 e3 03 48 8b 5b 10 48 85 db
0x0000016ad92e3540:   0f 84 10 00 00 00 41 80 bf f8 04 00 00 00 74 03
0x0000016ad92e3550:   ff 63 38 ff 63 50 e9 a5 15 00 00 0f 1f 44 00 00
0x0000016ad92e3560:   48 8b 53 08 0f b7 52 2c 48 8b 0c d4 58 5b 50 44
0x0000016ad92e3570:   8b 51 08 49 bb 00 00 00 00 08 00 00 00 4d 03 d3
0x0000016ad92e3580:   8b 43 18 48 c1 e0 03 48 8b 40 10 48 8b 5b 10 45
0x0000016ad92e3590:   8b 9a a0 00 00 00 4f 8d 9c da b8 01 00 00 4d 8d
0x0000016ad92e35a0:   14 da 49 8b 1b 48 3b c3 74 15 48 85 db 0f 84 32
0x0000016ad92e35b0:   00 00 00 49 83 c3 10 49 8b 1b 48 3b c3 75 eb 45
0x0000016ad92e35c0:   8b 5b 08 4b 8b 1c 1a 48 85 db 0f 84 10 00 00 00
0x0000016ad92e35d0:   41 80 bf f8 04 00 00 00 74 03 ff 63 38 ff 63 50
0x0000016ad92e35e0:   e9 1b 15 00 00 e9 16 12 00 00 f4 00 00 00 00 00
0x0000016ad92e35f0:   00 00 00 00 00 00 00 00 00 00 00 00 00 00 00 00
0x0000016ad92e3600:   00 00 00 00 00 00 00 00 00 00 00 00 00 00 00 00
0x0000016ad92e3610:   00 00 00 00 00 00 00 00 00 00 00 00 00 00 00 00
0x0000016ad92e3620:   00 00 00 00 00 00 00 00 00 00 00 00 00 00 00 00
0x0000016ad92e3630:   00 00 00 00 00 00 00 00 00 00 00 00 00 00 00 00
0x0000016ad92e3640:   00 00 00 00 00 00 00 00 00 00 00 00 00 00 00 00 


Stack slot to memory mapping:
stack at sp + 0 slots: 0x0000016ad92bbffa is at code_begin+3066 in an Interpreter codelet
return entry points  [0x0000016ad92bb400, 0x0000016ad92bd200]  7680 bytes
stack at sp + 1 slots: 0x0000001b55dfd7d0 is pointing into the stack for thread: 0x0000016af0c46ad0
stack at sp + 2 slots: 0x0000000800738bb7 is pointing into metadata
stack at sp + 3 slots: 0x0000001b55dfd838 is pointing into the stack for thread: 0x0000016af0c46ad0
stack at sp + 4 slots: 0x00000008000d4cc0 is pointing into metadata
stack at sp + 5 slots: 0x0000001b55dfe8b0 is pointing into the stack for thread: 0x0000016af0c46ad0
stack at sp + 6 slots: 0x00000006c3216f80 is an oop: java.lang.Class 
{0x00000006c3216f80} - klass: 'java/lang/Class'
 - ---- fields (total size 14 words):
 - private volatile transient 'classRedefinedCount' 'I' @12  0
 - abstract internal 'klass' 'J' @16  34360608928 (d48a0 8)
 - abstract internal 'array_klass' 'J' @24  0 (0 0)
 - abstract internal 'oop_size' 'I' @32  14 (e)
 - abstract internal 'static_oop_field_count' 'I' @36  0
 - private volatile transient 'cachedConstructor' 'Ljava/lang/reflect/Constructor;' @40  NULL (0)
 - private transient 'name' 'Ljava/lang/String;' @44  NULL (0)
 - private transient 'module' 'Ljava/lang/Module;' @48  a 'java/lang/Module'{0x00000006c322c748} (d86458e9)
 - private final 'classLoader' 'Ljava/lang/ClassLoader;' @52  NULL (0)
 - private transient 'classData' 'Ljava/lang/Object;' @56  NULL (0)
 - private transient 'packageName' 'Ljava/lang/String;' @60  NULL (0)
 - private final 'componentType' 'Ljava/lang/Class;' @64  NULL (0)
 - private volatile transient 'reflectionData' 'Ljava/lang/ref/SoftReference;' @68  NULL (0)
 - private volatile transient 'genericInfo' 'Lsun/reflect/generics/repository/ClassRepository;' @72  NULL (0)
 - private volatile transient 'enumConstants' '[Ljava/lang/Object;' @76  NULL (0)
 - private volatile transient 'enumConstantDirectory' 'Ljava/util/Map;' @80  NULL (0)
 - private volatile transient 'annotationData' 'Ljava/lang/Class$AnnotationData;' @84  NULL (0)
 - private volatile transient 'annotationType' 'Lsun/reflect/annotation/AnnotationType;' @88  NULL (0)
 - transient 'classValueMap' 'Ljava/lang/ClassValue$ClassValueMap;' @92  NULL (0)
 - abstract internal 'protection_domain' 'Ljava/lang/Object;' @96  NULL (0)
 - abstract internal 'signers_name' 'Ljava/lang/Object;' @100  NULL (0)
 - abstract internal 'source_file' 'Ljava/lang/Object;' @104  NULL (0)
 - signature: Ljava/lang/invoke/DirectMethodHandle$Holder;
 - ---- static fields (0):
stack at sp + 7 slots: {method} {0x00000008000d9800} 'newInvokeSpecial' '(Ljava/lang/Object;)Ljava/lang/Object;' in 'java/lang/invoke/DirectMethodHandle$Holder'

MethodHandle::interpreter_entry::_linkToSpecial [0x0000016ad92e350c, 0x0000016ad92e355b] (79 bytes)
[MachCode]
  0x0000016ad92e350c: 6666 660f | 1f84 0000 | 0000 0066 | 6666 900f | 1f44 0000 | 488b 5308 | 0fb7 522c | 488b 0cd4 
  0x0000016ad92e352c: 585b 5048 | 3b01 8b5b | 2448 c1e3 | 0348 8b5b | 1048 85db | 0f84 1000 | 0000 4180 | bff8 0400 
  0x0000016ad92e354c: 0000 7403 | ff63 38ff | 6350 e9a5 | 
[/MachCode]

---------------  P R O C E S S  ---------------

Threads class SMR info:
_java_thread_list=0x0000016aeff52340, length=28, elements={
0x0000016aea186660, 0x0000016aea18b550, 0x0000016aea18e5a0, 0x0000016aea18f280,
0x0000016aea191cc0, 0x0000016aea1946f0, 0x0000016aea195110, 0x0000016aea1b3850,
0x0000016aea1fe760, 0x0000016aee4dc600, 0x0000016aee501a30, 0x0000016aee501f80,
0x0000016aeeca3830, 0x0000016aee5080a0, 0x0000016aeedd9bd0, 0x0000016aeee99180,
0x0000016aeef89ea0, 0x0000016aef1f1390, 0x0000016aef1ef3b0, 0x0000016aef1f08f0,
0x0000016af0c49550, 0x0000016af0c49000, 0x0000016af0c45040, 0x0000016af0c46ad0,
0x0000016af0c43b00, 0x0000016af0c47020, 0x0000016af0c4a540, 0x0000016af0c49ff0
}

Java Threads: ( => current thread )
  0x0000016aea186660 JavaThread "Reference Handler" daemon [_thread_blocked, id=15504, stack(0x0000001b54300000,0x0000001b54400000)]
  0x0000016aea18b550 JavaThread "Finalizer" daemon [_thread_blocked, id=12284, stack(0x0000001b54400000,0x0000001b54500000)]
  0x0000016aea18e5a0 JavaThread "Signal Dispatcher" daemon [_thread_blocked, id=10196, stack(0x0000001b54500000,0x0000001b54600000)]
  0x0000016aea18f280 JavaThread "Attach Listener" daemon [_thread_blocked, id=9296, stack(0x0000001b54600000,0x0000001b54700000)]
  0x0000016aea191cc0 JavaThread "Service Thread" daemon [_thread_blocked, id=3480, stack(0x0000001b54700000,0x0000001b54800000)]
  0x0000016aea1946f0 JavaThread "Monitor Deflation Thread" daemon [_thread_blocked, id=14184, stack(0x0000001b54800000,0x0000001b54900000)]
  0x0000016aea195110 JavaThread "C1 CompilerThread0" daemon [_thread_blocked, id=14868, stack(0x0000001b54900000,0x0000001b54a00000)]
  0x0000016aea1b3850 JavaThread "Sweeper thread" daemon [_thread_blocked, id=15480, stack(0x0000001b54a00000,0x0000001b54b00000)]
  0x0000016aea1fe760 JavaThread "Common-Cleaner" daemon [_thread_blocked, id=10836, stack(0x0000001b54b00000,0x0000001b54c00000)]
  0x0000016aee4dc600 JavaThread "JDWP Transport Listener: dt_socket" daemon [_thread_blocked, id=2920, stack(0x0000001b54e00000,0x0000001b54f00000)]
  0x0000016aee501a30 JavaThread "JDWP Event Helper Thread" daemon [_thread_blocked, id=15788, stack(0x0000001b54f00000,0x0000001b55000000)]
  0x0000016aee501f80 JavaThread "JDWP Command Reader" daemon [_thread_in_native, id=13556, stack(0x0000001b55000000,0x0000001b55100000)]
  0x0000016aeeca3830 JavaThread "Notification Thread" daemon [_thread_blocked, id=11840, stack(0x0000001b55100000,0x0000001b55200000)]
  0x0000016aee5080a0 JavaThread "RMI TCP Accept-0" daemon [_thread_in_native, id=11504, stack(0x0000001b55500000,0x0000001b55600000)]
  0x0000016aeedd9bd0 JavaThread "RMI TCP Accept-51720" daemon [_thread_in_native, id=10304, stack(0x0000001b55600000,0x0000001b55700000)]
  0x0000016aeee99180 JavaThread "RMI TCP Accept-0" daemon [_thread_in_native, id=7368, stack(0x0000001b55700000,0x0000001b55800000)]
  0x0000016aeef89ea0 JavaThread "RMI Scheduler(0)" daemon [_thread_blocked, id=11772, stack(0x0000001b55a00000,0x0000001b55b00000)]
  0x0000016aef1f1390 JavaThread "RMI TCP Connection(idle)" daemon [_thread_blocked, id=9024, stack(0x0000001b55b00000,0x0000001b55c00000)]
  0x0000016aef1ef3b0 JavaThread "JMX server connection timeout 34" daemon [_thread_blocked, id=11076, stack(0x0000001b55c00000,0x0000001b55d00000)]
  0x0000016aef1f08f0 JavaThread "mysql-cj-abandoned-connection-cleanup" daemon [_thread_blocked, id=15772, stack(0x0000001b56200000,0x0000001b56300000)]
  0x0000016af0c49550 JavaThread "Live Reload Server" daemon [_thread_in_native, id=13080, stack(0x0000001b56800000,0x0000001b56900000)]
  0x0000016af0c49000 JavaThread "DestroyJavaVM" [_thread_blocked, id=15364, stack(0x0000001b53b00000,0x0000001b53c00000)]
  0x0000016af0c45040 JavaThread "Thread-11" [_thread_blocked, id=572, stack(0x0000001b54c00000,0x0000001b54d00000)]
=>0x0000016af0c46ad0 JavaThread "restartedMain" [_thread_in_Java, id=5992, stack(0x0000001b55d00000,0x0000001b55e00000)]
  0x0000016af0c43b00 JavaThread "Catalina-utility-1" [_thread_blocked, id=3556, stack(0x0000001b54d00000,0x0000001b54e00000)]
  0x0000016af0c47020 JavaThread "Catalina-utility-2" [_thread_blocked, id=3580, stack(0x0000001b55900000,0x0000001b55a00000)]
  0x0000016af0c4a540 JavaThread "container-0" [_thread_blocked, id=3272, stack(0x0000001b55e00000,0x0000001b55f00000)]
  0x0000016af0c49ff0 JavaThread "HikariPool-4 housekeeper" daemon [_thread_blocked, id=11288, stack(0x0000001b55f00000,0x0000001b56000000)]

Other Threads:
  0x0000016aea1712e0 VMThread "VM Thread" [stack: 0x0000001b54200000,0x0000001b54300000] [id=13352] _threads_hazard_ptr=0x0000016aeff52340
  0x0000016aeee996c0 WatcherThread "VM Periodic Task Thread" [stack: 0x0000001b55800000,0x0000001b55900000] [id=14108]
  0x0000016ad13c8eb0 WorkerThread "GC Thread#0" [stack: 0x0000001b53d00000,0x0000001b53e00000] [id=16064]
  0x0000016aeed77ee0 WorkerThread "GC Thread#1" [stack: 0x0000001b55200000,0x0000001b55300000] [id=13688]
  0x0000016aeed781b0 WorkerThread "GC Thread#2" [stack: 0x0000001b55300000,0x0000001b55400000] [id=14356]
  0x0000016aeed78480 WorkerThread "GC Thread#3" [stack: 0x0000001b55400000,0x0000001b55500000] [id=11496]
  0x0000016ad13d45d0 ConcurrentGCThread "G1 Main Marker" [stack: 0x0000001b53e00000,0x0000001b53f00000] [id=2816]
  0x0000016ad13d5000 WorkerThread "G1 Conc#0" [stack: 0x0000001b53f00000,0x0000001b54000000] [id=12848]
  0x0000016aea0330d0 ConcurrentGCThread "G1 Refine#0" [stack: 0x0000001b54000000,0x0000001b54100000] [id=5624]
  0x0000016aea033b20 ConcurrentGCThread "G1 Service" [stack: 0x0000001b54100000,0x0000001b54200000] [id=12300]

Threads with active compile tasks:

VM state: synchronizing (normal execution)

VM Mutex/Monitor currently owned by a thread:  ([mutex/lock_event])
[0x0000016ad1349fe0] Threads_lock - owner thread: 0x0000016aea1712e0

Heap address: 0x00000006c3000000, size: 5072 MB, Compressed Oops mode: Zero based, Oop shift amount: 3

CDS archive(s) mapped at: [0x0000000800000000-0x0000000800c40000-0x0000000800c40000), size 12845056, SharedBaseAddress: 0x0000000800000000, ArchiveRelocationMode: 0.
Compressed class space mapped at: 0x0000000801000000-0x0000000841000000, reserved size: 1073741824
Narrow klass base: 0x0000000800000000, Narrow klass shift: 0, Narrow klass range: 0x100000000

GC Precious Log:
 CardTable entry size: 512
 Card Set container configuration: InlinePtr #cards 4 size 8 Array Of Cards #cards 16 size 48 Howl #buckets 8 coarsen threshold 7372 Howl Bitmap #cards 1024 size 144 coarsen threshold 921 Card regions per heap region 1 cards per card region 8192
 CPUs: 4 total, 4 available
 Memory: 20279M
 Large Page Support: Disabled
 NUMA Support: Disabled
 Compressed Oops: Enabled (Zero based)
 Heap Region Size: 4M
 Heap Min Capacity: 8M
 Heap Initial Capacity: 320M
 Heap Max Capacity: 5072M
 Pre-touch: Disabled
 Parallel Workers: 4
 Concurrent Workers: 1
 Concurrent Refinement Workers: 4
 Periodic GC: Disabled

Heap:
 garbage-first heap   total 98304K, used 34304K [0x00000006c3000000, 0x0000000800000000)
  region size 4096K, 3 young (12288K), 1 survivors (4096K)
 Metaspace       used 70723K, committed 71488K, reserved 1114112K
  class space    used 9656K, committed 10048K, reserved 1048576K

Heap Regions: E=young(eden), S=young(survivor), O=old, HS=humongous(starts), HC=humongous(continues), CS=collection set, F=free, OA=open archive, CA=closed archive, TAMS=top-at-mark-start (previous, next)
|   0|0x00000006c3000000, 0x00000006c3400000, 0x00000006c3400000|100%| O|  |TAMS 0x00000006c3400000, 0x00000006c3000000| Untracked 
|   1|0x00000006c3400000, 0x00000006c37fffc8, 0x00000006c3800000| 99%| O|  |TAMS 0x00000006c37fffc8, 0x00000006c3400000| Untracked 
|   2|0x00000006c3800000, 0x00000006c3bffff8, 0x00000006c3c00000| 99%| O|  |TAMS 0x00000006c3bffff8, 0x00000006c3800000| Untracked 
|   3|0x00000006c3c00000, 0x00000006c3ffffe8, 0x00000006c4000000| 99%| O|  |TAMS 0x00000006c3ffffe8, 0x00000006c3c00000| Untracked 
|   4|0x00000006c4000000, 0x00000006c43fffe8, 0x00000006c4400000| 99%| O|  |TAMS 0x00000006c4000000, 0x00000006c4000000| Untracked 
|   5|0x00000006c4400000, 0x00000006c46c5ec8, 0x00000006c4800000| 69%| O|  |TAMS 0x00000006c4400000, 0x00000006c4400000| Untracked 
|   6|0x00000006c4800000, 0x00000006c4aba598, 0x00000006c4c00000| 68%| O|  |TAMS 0x00000006c4800000, 0x00000006c4800000| Untracked 
|   7|0x00000006c4c00000, 0x00000006c4c00000, 0x00000006c5000000|  0%| F|  |TAMS 0x00000006c4c00000, 0x00000006c4c00000| Untracked 
|   8|0x00000006c5000000, 0x00000006c5000000, 0x00000006c5400000|  0%| F|  |TAMS 0x00000006c5000000, 0x00000006c5000000| Untracked 
|   9|0x00000006c5400000, 0x00000006c5400000, 0x00000006c5800000|  0%| F|  |TAMS 0x00000006c5400000, 0x00000006c5400000| Untracked 
|  10|0x00000006c5800000, 0x00000006c5800000, 0x00000006c5c00000|  0%| F|  |TAMS 0x00000006c5800000, 0x00000006c5800000| Untracked 
|  11|0x00000006c5c00000, 0x00000006c5c00000, 0x00000006c6000000|  0%| F|  |TAMS 0x00000006c5c00000, 0x00000006c5c00000| Untracked 
|  12|0x00000006c6000000, 0x00000006c6400000, 0x00000006c6400000|100%| S|CS|TAMS 0x00000006c6000000, 0x00000006c6000000| Complete 
|  13|0x00000006c6400000, 0x00000006c6400000, 0x00000006c6800000|  0%| F|  |TAMS 0x00000006c6400000, 0x00000006c6400000| Untracked 
|  14|0x00000006c6800000, 0x00000006c6800000, 0x00000006c6c00000|  0%| F|  |TAMS 0x00000006c6800000, 0x00000006c6800000| Untracked 
|  15|0x00000006c6c00000, 0x00000006c6c00000, 0x00000006c7000000|  0%| F|  |TAMS 0x00000006c6c00000, 0x00000006c6c00000| Untracked 
|  16|0x00000006c7000000, 0x00000006c7000000, 0x00000006c7400000|  0%| F|  |TAMS 0x00000006c7000000, 0x00000006c7000000| Untracked 
|  17|0x00000006c7400000, 0x00000006c7400000, 0x00000006c7800000|  0%| F|  |TAMS 0x00000006c7400000, 0x00000006c7400000| Untracked 
|  18|0x00000006c7800000, 0x00000006c7800000, 0x00000006c7c00000|  0%| F|  |TAMS 0x00000006c7800000, 0x00000006c7800000| Untracked 
|  19|0x00000006c7c00000, 0x00000006c7c00000, 0x00000006c8000000|  0%| F|  |TAMS 0x00000006c7c00000, 0x00000006c7c00000| Untracked 
|  20|0x00000006c8000000, 0x00000006c8000000, 0x00000006c8400000|  0%| F|  |TAMS 0x00000006c8000000, 0x00000006c8000000| Untracked 
|  21|0x00000006c8400000, 0x00000006c8400000, 0x00000006c8800000|  0%| F|  |TAMS 0x00000006c8400000, 0x00000006c8400000| Untracked 
|  22|0x00000006c8800000, 0x00000006c8a0dde0, 0x00000006c8c00000| 51%| E|  |TAMS 0x00000006c8800000, 0x00000006c8800000| Complete 
|  23|0x00000006c8c00000, 0x00000006c9000000, 0x00000006c9000000|100%| E|CS|TAMS 0x00000006c8c00000, 0x00000006c8c00000| Complete 

Card table byte_map: [0x0000016adcc90000,0x0000016add680000] _byte_map_base: 0x0000016ad9678000

Marking Bits (Prev, Next): (CMBitMap*) 0x0000016ad13c9520, (CMBitMap*) 0x0000016ad13c94e0
 Prev Bits: [0x0000016ae2fb0000, 0x0000016ae7ef0000)
 Next Bits: [0x0000016ade070000, 0x0000016ae2fb0000)

Polling page: 0x0000016acf270000

Metaspace:

Usage:
  Non-class:     59.64 MB used.
      Class:      9.43 MB used.
       Both:     69.07 MB used.

Virtual space:
  Non-class space:       64.00 MB reserved,      60.00 MB ( 94%) committed,  1 nodes.
      Class space:        1.00 GB reserved,       9.81 MB ( <1%) committed,  1 nodes.
             Both:        1.06 GB reserved,      69.81 MB (  6%) committed. 

Chunk freelists:
   Non-Class:  3.26 MB
       Class:  2.18 MB
        Both:  5.44 MB

MaxMetaspaceSize: unlimited
CompressedClassSpaceSize: 1.00 GB
Initial GC threshold: 21.00 MB
Current GC threshold: 116.38 MB
CDS: on
MetaspaceReclaimPolicy: balanced
 - commit_granule_bytes: 65536.
 - commit_granule_words: 8192.
 - virtual_space_node_default_size: 8388608.
 - enlarge_chunks_in_place: 1.
 - new_chunks_are_fully_committed: 0.
 - uncommit_free_chunks: 1.
 - use_allocation_guard: 0.


Internal statistics:

num_allocs_failed_limit: 9.
num_arena_births: 1588.
num_arena_deaths: 636.
num_vsnodes_births: 2.
num_vsnodes_deaths: 0.
num_space_committed: 1117.
num_space_uncommitted: 0.
num_chunks_returned_to_freelist: 684.
num_chunks_taken_from_freelist: 4294.
num_chunk_merges: 161.
num_chunk_splits: 2909.
num_chunks_enlarged: 2247.
num_inconsistent_stats: 0.

CodeCache: size=49152Kb used=16732Kb max_used=16906Kb free=32419Kb
 bounds [0x0000016ad92a0000, 0x0000016ada330000, 0x0000016adc2a0000]
 total_blobs=9750 nmethods=9056 adapters=618
 compilation: enabled
              stopped_count=0, restarted_count=0
 full_count=0

Compilation events (20 events):
Event: 3259.290 Thread 0x0000016aea195110 9047       1       com.mysql.cj.MysqlCharset::isOkayForVersion (9 bytes)
Event: 3259.291 Thread 0x0000016aea195110 nmethod 9047 0x0000016ada1b2a10 code [0x0000016ada1b2bc0, 0x0000016ada1b2ce8]
Event: 3259.335 Thread 0x0000016aea195110 9048       1       java.net.InetSocketAddress::<init> (32 bytes)
Event: 3259.335 Thread 0x0000016aea195110 nmethod 9048 0x0000016ada1b2490 code [0x0000016ada1b2640, 0x0000016ada1b28d8]
Event: 3259.335 Thread 0x0000016aea195110 9049       1       java.net.InetSocketAddress::checkPort (39 bytes)
Event: 3259.335 Thread 0x0000016aea195110 nmethod 9049 0x0000016ada1b1e10 code [0x0000016ada1b2000, 0x0000016ada1b22c8]
Event: 3259.335 Thread 0x0000016aea195110 9050       1       java.net.InetSocketAddress$InetSocketAddressHolder::<init> (20 bytes)
Event: 3259.335 Thread 0x0000016aea195110 nmethod 9050 0x0000016ada1b1a90 code [0x0000016ada1b1c20, 0x0000016ada1b1d98]
Event: 3259.472 Thread 0x0000016aea195110 9051   !   1       java.net.URLDecoder::decode (306 bytes)
Event: 3259.474 Thread 0x0000016aea195110 nmethod 9051 0x0000016ada1afa10 code [0x0000016ada1afd00, 0x0000016ada1b0e88]
Event: 3259.519 Thread 0x0000016aea195110 9052       1       java.net.InetSocketAddress::getAddress (8 bytes)
Event: 3259.519 Thread 0x0000016aea195110 nmethod 9052 0x0000016ada1af710 code [0x0000016ada1af8a0, 0x0000016ada1af978]
Event: 3259.519 Thread 0x0000016aea195110 9053       1       sun.net.www.ParseUtil::encodePath (361 bytes)
Event: 3259.520 Thread 0x0000016aea195110 nmethod 9053 0x0000016ada1ae290 code [0x0000016ada1ae500, 0x0000016ada1af048]
Event: 3259.610 Thread 0x0000016aea195110 9054       1       com.mysql.cj.util.StringUtils::isNullOrEmpty (17 bytes)
Event: 3259.611 Thread 0x0000016aea195110 nmethod 9054 0x0000016ada1adf10 code [0x0000016ada1ae0a0, 0x0000016ada1ae198]
Event: 3301.582 Thread 0x0000016aea195110 9055       1       java.lang.ClassValue$Entry::version (8 bytes)
Event: 3301.582 Thread 0x0000016aea195110 nmethod 9055 0x0000016ada1adb90 code [0x0000016ada1add20, 0x0000016ada1ade38]
Event: 3301.582 Thread 0x0000016aea195110 9056       1       java.lang.ClassValue::version (5 bytes)
Event: 3301.582 Thread 0x0000016aea195110 nmethod 9056 0x0000016ada1ad890 code [0x0000016ada1ada20, 0x0000016ada1adaf8]

GC Heap History (20 events):
Event: 2741.998 GC heap before
{Heap before GC invocations=22 (full 0):
 garbage-first heap   total 110592K, used 81127K [0x00000006c3000000, 0x0000000800000000)
  region size 4096K, 14 young (57344K), 1 survivors (4096K)
 Metaspace       used 70244K, committed 71104K, reserved 1114112K
  class space    used 9634K, committed 10048K, reserved 1048576K
}
Event: 2742.000 GC heap after
{Heap after GC invocations=23 (full 0):
 garbage-first heap   total 110592K, used 32612K [0x00000006c3000000, 0x0000000800000000)
  region size 4096K, 1 young (4096K), 1 survivors (4096K)
 Metaspace       used 70244K, committed 71104K, reserved 1114112K
  class space    used 9634K, committed 10048K, reserved 1048576K
}
Event: 3120.066 GC heap before
{Heap before GC invocations=23 (full 0):
 garbage-first heap   total 110592K, used 48996K [0x00000006c3000000, 0x0000000800000000)
  region size 4096K, 6 young (24576K), 1 survivors (4096K)
 Metaspace       used 70350K, committed 71232K, reserved 1114112K
  class space    used 9656K, committed 10048K, reserved 1048576K
}
Event: 3120.128 GC heap after
{Heap after GC invocations=24 (full 1):
 garbage-first heap   total 81920K, used 23015K [0x00000006c3000000, 0x0000000800000000)
  region size 4096K, 0 young (0K), 0 survivors (0K)
 Metaspace       used 69886K, committed 71232K, reserved 1114112K
  class space    used 9544K, committed 10048K, reserved 1048576K
}
Event: 3121.569 GC heap before
{Heap before GC invocations=24 (full 1):
 garbage-first heap   total 81920K, used 59879K [0x00000006c3000000, 0x0000000800000000)
  region size 4096K, 10 young (40960K), 0 survivors (0K)
 Metaspace       used 70025K, committed 71232K, reserved 1114112K
  class space    used 9575K, committed 10048K, reserved 1048576K
}
Event: 3121.577 GC heap after
{Heap after GC invocations=25 (full 1):
 garbage-first heap   total 81920K, used 27380K [0x00000006c3000000, 0x0000000800000000)
  region size 4096K, 2 young (8192K), 2 survivors (8192K)
 Metaspace       used 70025K, committed 71232K, reserved 1114112K
  class space    used 9575K, committed 10048K, reserved 1048576K
}
Event: 3122.013 GC heap before
{Heap before GC invocations=26 (full 1):
 garbage-first heap   total 81920K, used 60148K [0x00000006c3000000, 0x0000000800000000)
  region size 4096K, 10 young (40960K), 2 survivors (8192K)
 Metaspace       used 70444K, committed 71232K, reserved 1114112K
  class space    used 9638K, committed 10048K, reserved 1048576K
}
Event: 3122.020 GC heap after
{Heap after GC invocations=27 (full 1):
 garbage-first heap   total 81920K, used 31711K [0x00000006c3000000, 0x0000000800000000)
  region size 4096K, 2 young (8192K), 2 survivors (8192K)
 Metaspace       used 70444K, committed 71232K, reserved 1114112K
  class space    used 9638K, committed 10048K, reserved 1048576K
}
Event: 3122.110 GC heap before
{Heap before GC invocations=27 (full 1):
 garbage-first heap   total 81920K, used 35807K [0x00000006c3000000, 0x0000000800000000)
  region size 4096K, 3 young (12288K), 2 survivors (8192K)
 Metaspace       used 70476K, committed 71296K, reserved 1114112K
  class space    used 9646K, committed 10048K, reserved 1048576K
}
Event: 3122.122 GC heap after
{Heap after GC invocations=28 (full 1):
 garbage-first heap   total 81920K, used 32413K [0x00000006c3000000, 0x0000000800000000)
  region size 4096K, 1 young (4096K), 1 survivors (4096K)
 Metaspace       used 70476K, committed 71296K, reserved 1114112K
  class space    used 9646K, committed 10048K, reserved 1048576K
}
Event: 3123.786 GC heap before
{Heap before GC invocations=28 (full 1):
 garbage-first heap   total 81920K, used 40605K [0x00000006c3000000, 0x0000000800000000)
  region size 4096K, 4 young (16384K), 1 survivors (4096K)
 Metaspace       used 70538K, committed 71360K, reserved 1114112K
  class space    used 9660K, committed 10048K, reserved 1048576K
}
Event: 3123.838 GC heap after
{Heap after GC invocations=29 (full 2):
 garbage-first heap   total 81920K, used 25709K [0x00000006c3000000, 0x0000000800000000)
  region size 4096K, 0 young (0K), 0 survivors (0K)
 Metaspace       used 70352K, committed 71360K, reserved 1114112K
  class space    used 9618K, committed 10048K, reserved 1048576K
}
Event: 3124.262 GC heap before
{Heap before GC invocations=29 (full 2):
 garbage-first heap   total 81920K, used 58477K [0x00000006c3000000, 0x0000000800000000)
  region size 4096K, 8 young (32768K), 0 survivors (0K)
 Metaspace       used 70399K, committed 71360K, reserved 1114112K
  class space    used 9625K, committed 10048K, reserved 1048576K
}
Event: 3124.264 GC heap after
{Heap after GC invocations=30 (full 2):
 garbage-first heap   total 98304K, used 28873K [0x00000006c3000000, 0x0000000800000000)
  region size 4096K, 1 young (4096K), 1 survivors (4096K)
 Metaspace       used 70399K, committed 71360K, reserved 1114112K
  class space    used 9625K, committed 10048K, reserved 1048576K
}
Event: 3124.686 GC heap before
{Heap before GC invocations=30 (full 2):
 garbage-first heap   total 98304K, used 69833K [0x00000006c3000000, 0x0000000800000000)
  region size 4096K, 11 young (45056K), 1 survivors (4096K)
 Metaspace       used 70622K, committed 71488K, reserved 1114112K
  class space    used 9642K, committed 10048K, reserved 1048576K
}
Event: 3124.691 GC heap after
{Heap after GC invocations=31 (full 2):
 garbage-first heap   total 98304K, used 32290K [0x00000006c3000000, 0x0000000800000000)
  region size 4096K, 2 young (8192K), 2 survivors (8192K)
 Metaspace       used 70622K, committed 71488K, reserved 1114112K
  class space    used 9642K, committed 10048K, reserved 1048576K
}
Event: 3258.747 GC heap before
{Heap before GC invocations=31 (full 2):
 garbage-first heap   total 98304K, used 40482K [0x00000006c3000000, 0x0000000800000000)
  region size 4096K, 5 young (20480K), 2 survivors (8192K)
 Metaspace       used 70625K, committed 71488K, reserved 1114112K
  class space    used 9642K, committed 10048K, reserved 1048576K
}
Event: 3258.794 GC heap after
{Heap after GC invocations=32 (full 3):
 garbage-first heap   total 98304K, used 26112K [0x00000006c3000000, 0x0000000800000000)
  region size 4096K, 0 young (0K), 0 survivors (0K)
 Metaspace       used 70619K, committed 71488K, reserved 1114112K
  class space    used 9641K, committed 10048K, reserved 1048576K
}
Event: 3259.172 GC heap before
{Heap before GC invocations=32 (full 3):
 garbage-first heap   total 98304K, used 67072K [0x00000006c3000000, 0x0000000800000000)
  region size 4096K, 11 young (45056K), 0 survivors (0K)
 Metaspace       used 70676K, committed 71488K, reserved 1114112K
  class space    used 9651K, committed 10048K, reserved 1048576K
}
Event: 3259.176 GC heap after
{Heap after GC invocations=33 (full 3):
 garbage-first heap   total 98304K, used 30208K [0x00000006c3000000, 0x0000000800000000)
  region size 4096K, 1 young (4096K), 1 survivors (4096K)
 Metaspace       used 70676K, committed 71488K, reserved 1114112K
  class space    used 9651K, committed 10048K, reserved 1048576K
}

Dll operation events (13 events):
Event: 0.094 Loaded shared library D:\luis\jdk19\bin\java.dll
Event: 0.104 Loaded shared library D:\luis\jdk19\bin\jsvml.dll
Event: 0.357 Loaded shared library D:\luis\jdk19\bin\zip.dll
Event: 0.359 Loaded shared library D:\luis\jdk19\bin\instrument.dll
Event: 0.363 Loaded shared library D:\luis\jdk19\bin\net.dll
Event: 0.364 Loaded shared library D:\luis\jdk19\bin\nio.dll
Event: 0.366 Loaded shared library D:\luis\jdk19\bin\zip.dll
Event: 0.543 Loaded shared library D:\luis\jdk19\bin\jimage.dll
Event: 0.665 Loaded shared library D:\luis\jdk19\bin\management.dll
Event: 0.682 Loaded shared library D:\luis\jdk19\bin\management_ext.dll
Event: 1.340 Loaded shared library D:\luis\jdk19\bin\extnet.dll
Event: 1.365 Loaded shared library D:\luis\jdk19\bin\verify.dll
Event: 2.236 Loaded shared library D:\luis\jdk19\bin\sunmscapi.dll

Deoptimization events (20 events):
Event: 3301.581 Thread 0x0000016aef1f1390 DEOPT PACKING pc=0x0000016ada10ae2c sp=0x0000001b55bfdb90
Event: 3301.581 Thread 0x0000016aef1f1390 DEOPT UNPACKING pc=0x0000016ad930b0e3 sp=0x0000001b55bfd0f8 mode 1
Event: 3301.582 Thread 0x0000016aef1f1390 DEOPT PACKING pc=0x0000016ada1e2f5c sp=0x0000001b55bfd860
Event: 3301.582 Thread 0x0000016aef1f1390 DEOPT UNPACKING pc=0x0000016ad930b0e3 sp=0x0000001b55bfcdc8 mode 1
Event: 3301.582 Thread 0x0000016aef1f1390 DEOPT PACKING pc=0x0000016ada10ae2c sp=0x0000001b55bfd8d0
Event: 3301.582 Thread 0x0000016aef1f1390 DEOPT UNPACKING pc=0x0000016ad930b0e3 sp=0x0000001b55bfce38 mode 1
Event: 3301.582 Thread 0x0000016aef1f1390 DEOPT PACKING pc=0x0000016ada10ae2c sp=0x0000001b55bfd8d0
Event: 3301.582 Thread 0x0000016aef1f1390 DEOPT UNPACKING pc=0x0000016ad930b0e3 sp=0x0000001b55bfce38 mode 1
Event: 3301.582 Thread 0x0000016aef1f1390 DEOPT PACKING pc=0x0000016ada10ae2c sp=0x0000001b55bfd8d0
Event: 3301.582 Thread 0x0000016aef1f1390 DEOPT UNPACKING pc=0x0000016ad930b0e3 sp=0x0000001b55bfce38 mode 1
Event: 3301.582 Thread 0x0000016aef1f1390 DEOPT PACKING pc=0x0000016ada10ae2c sp=0x0000001b55bfd8d0
Event: 3301.582 Thread 0x0000016aef1f1390 DEOPT UNPACKING pc=0x0000016ad930b0e3 sp=0x0000001b55bfce38 mode 1
Event: 3301.582 Thread 0x0000016aef1f1390 DEOPT PACKING pc=0x0000016ada10ae2c sp=0x0000001b55bfd8d0
Event: 3301.582 Thread 0x0000016aef1f1390 DEOPT UNPACKING pc=0x0000016ad930b0e3 sp=0x0000001b55bfce38 mode 1
Event: 3301.582 Thread 0x0000016aef1f1390 DEOPT PACKING pc=0x0000016ada10ae2c sp=0x0000001b55bfd8d0
Event: 3301.582 Thread 0x0000016aef1f1390 DEOPT UNPACKING pc=0x0000016ad930b0e3 sp=0x0000001b55bfce38 mode 1
Event: 3301.582 Thread 0x0000016aef1f1390 DEOPT PACKING pc=0x0000016ada10ae2c sp=0x0000001b55bfd8d0
Event: 3301.582 Thread 0x0000016aef1f1390 DEOPT UNPACKING pc=0x0000016ad930b0e3 sp=0x0000001b55bfce38 mode 1
Event: 3352.941 Thread 0x0000016af0c46ad0 DEOPT PACKING pc=0x0000016ad962067c sp=0x0000001b55dfd7d0
Event: 3352.941 Thread 0x0000016af0c46ad0 DEOPT UNPACKING pc=0x0000016ad930b0e3 sp=0x0000001b55dfcc88 mode 0

Classes loaded (20 events):
Event: 3120.044 Loading class java/util/concurrent/locks/AbstractQueuedSynchronizer$SharedNode
Event: 3120.044 Loading class java/util/concurrent/locks/AbstractQueuedSynchronizer$SharedNode done
Event: 3120.050 Loading class java/util/AbstractMap$2
Event: 3120.050 Loading class java/util/AbstractMap$2 done
Event: 3120.052 Loading class java/util/AbstractMap$2$1
Event: 3120.052 Loading class java/util/AbstractMap$2$1 done
Event: 3120.064 Loading class java/util/WeakHashMap$KeyIterator
Event: 3120.064 Loading class java/util/WeakHashMap$HashIterator
Event: 3120.064 Loading class java/util/WeakHashMap$HashIterator done
Event: 3120.064 Loading class java/util/WeakHashMap$KeyIterator done
Event: 3120.128 Loading class java/lang/ref/Finalizer$2
Event: 3120.130 Loading class java/lang/ref/Finalizer$2 done
Event: 3120.133 Loading class java/lang/ref/Finalizer$1
Event: 3120.133 Loading class java/lang/ref/Finalizer$1 done
Event: 3120.612 Loading class java/util/WeakHashMap$EntrySet
Event: 3120.612 Loading class java/util/WeakHashMap$EntrySet done
Event: 3120.612 Loading class java/util/WeakHashMap$EntryIterator
Event: 3120.612 Loading class java/util/WeakHashMap$EntryIterator done
Event: 3121.821 Loading class java/time/DurationEditor
Event: 3121.821 Loading class java/time/DurationEditor done

Classes unloaded (20 events):
Event: 3123.803 Thread 0x0000016aea1712e0 Unloading class 0x0000000801109000 'jdk/internal/reflect/GeneratedSerializationConstructorAccessor9'
Event: 3123.803 Thread 0x0000016aea1712e0 Unloading class 0x0000000801102800 'jdk/internal/reflect/GeneratedSerializationConstructorAccessor7'
Event: 3123.803 Thread 0x0000016aea1712e0 Unloading class 0x0000000801102400 'jdk/internal/reflect/GeneratedSerializationConstructorAccessor6'
Event: 3123.803 Thread 0x0000016aea1712e0 Unloading class 0x0000000801102000 'jdk/internal/reflect/GeneratedSerializationConstructorAccessor5'
Event: 3123.803 Thread 0x0000016aea1712e0 Unloading class 0x0000000801101c00 'jdk/internal/reflect/GeneratedSerializationConstructorAccessor4'
Event: 3123.803 Thread 0x0000016aea1712e0 Unloading class 0x00000008010ca000 'java/lang/invoke/LambdaForm$MH+0x00000008010ca000'
Event: 3123.803 Thread 0x0000016aea1712e0 Unloading class 0x00000008010c9000 'java/lang/invoke/LambdaForm$MH+0x00000008010c9000'
Event: 3123.803 Thread 0x0000016aea1712e0 Unloading class 0x00000008010c8c00 'java/lang/invoke/LambdaForm$MH+0x00000008010c8c00'
Event: 3123.803 Thread 0x0000016aea1712e0 Unloading class 0x00000008010c8400 'java/lang/invoke/LambdaForm$MH+0x00000008010c8400'
Event: 3123.803 Thread 0x0000016aea1712e0 Unloading class 0x00000008010c4400 'java/lang/invoke/LambdaForm$MH+0x00000008010c4400'
Event: 3123.803 Thread 0x0000016aea1712e0 Unloading class 0x000000080100a800 'java/lang/invoke/LambdaForm$MH+0x000000080100a800'
Event: 3123.803 Thread 0x0000016aea1712e0 Unloading class 0x0000000801009c00 'java/lang/invoke/LambdaForm$MH+0x0000000801009c00'
Event: 3123.803 Thread 0x0000016aea1712e0 Unloading class 0x0000000801008000 'java/lang/invoke/LambdaForm$MH+0x0000000801008000'
Event: 3123.803 Thread 0x0000016aea1712e0 Unloading class 0x0000000801007800 'java/lang/invoke/LambdaForm$MH+0x0000000801007800'
Event: 3123.803 Thread 0x0000016aea1712e0 Unloading class 0x0000000801007000 'java/lang/invoke/LambdaForm$MH+0x0000000801007000'
Event: 3123.803 Thread 0x0000016aea1712e0 Unloading class 0x0000000801006800 'java/lang/invoke/LambdaForm$MH+0x0000000801006800'
Event: 3123.803 Thread 0x0000016aea1712e0 Unloading class 0x0000000801006000 'java/lang/invoke/LambdaForm$MH+0x0000000801006000'
Event: 3123.803 Thread 0x0000016aea1712e0 Unloading class 0x0000000801000400 'java/lang/invoke/LambdaForm$MH+0x0000000801000400'
Event: 3258.764 Thread 0x0000016aea1712e0 Unloading class 0x00000008019e0400 'jdk/internal/reflect/GeneratedSerializationConstructorAccessor22'
Event: 3258.765 Thread 0x0000016aea1712e0 Unloading class 0x00000008012f9000 'org/apache/catalina/loader/JdbcLeakPrevention'

Classes redefined (1 events):
Event: 3352.961 Thread 0x0000016aea1712e0 redefined class name=com.projeto.controllers.exception.GlobalExeceptionHandler, count=1

Internal exceptions (20 events):
Event: 3124.508 Thread 0x0000016af0c45040 Exception <a 'sun/nio/fs/WindowsException'{0x00000006c7be2ba0}> (0x00000006c7be2ba0) 
thrown [s\open\src\hotspot\share\prims\jni.cpp, line 517]
Event: 3124.530 Thread 0x0000016af0c45040 Exception <a 'sun/nio/fs/WindowsException'{0x00000006c76ffb88}> (0x00000006c76ffb88) 
thrown [s\open\src\hotspot\share\prims\jni.cpp, line 517]
Event: 3258.746 Thread 0x0000016af0c46030 Exception <a 'java/lang/InterruptedException'{0x00000006c85e1388}: sleep interrupted> (0x00000006c85e1388) 
thrown [s\open\src\hotspot\share\prims\jvm.cpp, line 3103]
Event: 3258.804 Thread 0x0000016af0c46ad0 Exception <a 'sun/nio/fs/WindowsException'{0x00000006c8cad648}> (0x00000006c8cad648) 
thrown [s\open\src\hotspot\share\prims\jni.cpp, line 517]
Event: 3258.820 Thread 0x0000016af0c46ad0 Exception <a 'sun/nio/fs/WindowsException'{0x00000006c8f15938}> (0x00000006c8f15938) 
thrown [s\open\src\hotspot\share\prims\jni.cpp, line 517]
Event: 3258.965 Thread 0x0000016af0c46ad0 Exception <a 'sun/nio/fs/WindowsException'{0x00000006c7945d10}> (0x00000006c7945d10) 
thrown [s\open\src\hotspot\share\prims\jni.cpp, line 517]
Event: 3258.970 Thread 0x0000016af0c46ad0 Exception <a 'sun/nio/fs/WindowsException'{0x00000006c79bbf80}> (0x00000006c79bbf80) 
thrown [s\open\src\hotspot\share\prims\jni.cpp, line 517]
Event: 3259.014 Thread 0x0000016af0c46ad0 Exception <a 'java/lang/NoClassDefFoundError'{0x00000006c755aad0}: org/flywaydb/core/Flyway> (0x00000006c755aad0) 
thrown [s\open\src\hotspot\share\oops\constantPool.cpp, line 837]
Event: 3259.015 Thread 0x0000016af0c46ad0 Exception <a 'java/lang/NoClassDefFoundError'{0x00000006c755b130}: liquibase/integration/spring/SpringLiquibase> (0x00000006c755b130) 
thrown [s\open\src\hotspot\share\oops\constantPool.cpp, line 837]
Event: 3259.021 Thread 0x0000016af0c46ad0 Exception <a 'java/lang/NoClassDefFoundError'{0x00000006c75e7208}: org/jooq/DSLContext> (0x00000006c75e7208) 
thrown [s\open\src\hotspot\share\oops\constantPool.cpp, line 837]
Event: 3259.023 Thread 0x0000016af0c46ad0 Exception <a 'java/lang/NoClassDefFoundError'{0x00000006c75f5298}: org/springframework/batch/core/repository/JobRepository> (0x00000006c75f5298) 
thrown [s\open\src\hotspot\share\oops\constantPool.cpp, line 837]
Event: 3259.024 Thread 0x0000016af0c46ad0 Exception <a 'java/lang/NoClassDefFoundError'{0x00000006c75f58f0}: org/quartz/Scheduler> (0x00000006c75f58f0) 
thrown [s\open\src\hotspot\share\oops\constantPool.cpp, line 837]
Event: 3259.025 Thread 0x0000016af0c46ad0 Exception <a 'java/lang/NoClassDefFoundError'{0x00000006c75f5f70}: org/springframework/session/jdbc/JdbcIndexedSessionRepository> (0x00000006c75f5f70) 
thrown [s\open\src\hotspot\share\oops\constantPool.cpp, line 837]
Event: 3259.063 Thread 0x0000016af0c46ad0 Exception <a 'sun/nio/fs/WindowsException'{0x00000006c6cc29b8}> (0x00000006c6cc29b8) 
thrown [s\open\src\hotspot\share\prims\jni.cpp, line 517]
Event: 3259.063 Thread 0x0000016af0c46ad0 Exception <a 'sun/nio/fs/WindowsException'{0x00000006c6cc30c8}> (0x00000006c6cc30c8) 
thrown [s\open\src\hotspot\share\prims\jni.cpp, line 517]
Event: 3259.064 Thread 0x0000016af0c46ad0 Exception <a 'sun/nio/fs/WindowsException'{0x00000006c6cc37c0}> (0x00000006c6cc37c0) 
thrown [s\open\src\hotspot\share\prims\jni.cpp, line 517]
Event: 3259.068 Thread 0x0000016af0c46ad0 Exception <a 'java/io/FileNotFoundException'{0x00000006c6cfa348}> (0x00000006c6cfa348) 
thrown [s\open\src\hotspot\share\prims\jni.cpp, line 517]
Event: 3259.083 Thread 0x0000016af0c46ad0 Exception <a 'java/io/FileNotFoundException'{0x00000006c6eb6a90}> (0x00000006c6eb6a90) 
thrown [s\open\src\hotspot\share\prims\jni.cpp, line 517]
Event: 3259.109 Thread 0x0000016af0c46ad0 Exception <a 'sun/nio/fs/WindowsException'{0x00000006c6afcc28}> (0x00000006c6afcc28) 
thrown [s\open\src\hotspot\share\prims\jni.cpp, line 517]
Event: 3301.582 Thread 0x0000016aef1f1390 Exception <a 'java/lang/NoSuchMethodError'{0x00000006c899bf58}: static [B.<clinit>()V> (0x00000006c899bf58) 
thrown [s\open\src\hotspot\share\prims\jni.cpp, line 1107]

VM Operations (20 events):
Event: 3278.905 Executing VM operation: get/set locals
Event: 3278.905 Executing VM operation: get/set locals done
Event: 3278.906 Executing VM operation: get/set locals
Event: 3278.906 Executing VM operation: get/set locals done
Event: 3278.906 Executing VM operation: get/set locals
Event: 3278.906 Executing VM operation: get/set locals done
Event: 3278.907 Executing VM operation: get/set locals
Event: 3278.907 Executing VM operation: get/set locals done
Event: 3302.119 Executing VM operation: Cleanup
Event: 3302.119 Executing VM operation: Cleanup done
Event: 3332.371 Executing VM operation: Cleanup
Event: 3332.371 Executing VM operation: Cleanup done
Event: 3352.941 Executing VM operation: ChangeSingleStep
Event: 3352.941 Executing VM operation: ChangeSingleStep done
Event: 3352.941 Executing VM operation: ChangeSingleStep
Event: 3352.941 Executing VM operation: ChangeSingleStep done
Event: 3352.954 Executing VM operation: RedefineClasses
Event: 3352.973 Executing VM operation: RedefineClasses done
Event: 3352.975 Executing VM operation: ChangeSingleStep
Event: 3352.975 Executing VM operation: ChangeSingleStep done

Events (20 events):
Event: 3258.738 Thread 0x0000016af0c445a0 Thread exited: 0x0000016af0c445a0
Event: 3258.739 Thread 0x0000016af0c48560 Thread exited: 0x0000016af0c48560
Event: 3258.739 Thread 0x0000016af0c44af0 Thread exited: 0x0000016af0c44af0
Event: 3258.741 Thread 0x0000016af0c44af0 Thread added: 0x0000016af0c44af0
Event: 3258.742 Thread 0x0000016af0c46ad0 Thread exited: 0x0000016af0c46ad0
Event: 3258.744 Thread 0x0000016af0c44af0 Thread exited: 0x0000016af0c44af0
Event: 3258.747 Thread 0x0000016af0c46030 Thread exited: 0x0000016af0c46030
Event: 3258.794 Thread 0x0000016af0c47570 Thread added: 0x0000016af0c47570
Event: 3258.795 Thread 0x0000016af0c47570 Thread exited: 0x0000016af0c47570
Event: 3258.795 Thread 0x0000016af0c46ad0 Thread added: 0x0000016af0c46ad0
Event: 3258.795 Thread 0x0000016af0c45ae0 Thread exited: 0x0000016af0c45ae0
Event: 3258.796 Thread 0x0000016af0c435b0 Thread exited: 0x0000016af0c435b0
Event: 3258.833 Thread 0x0000016af0c47020 Thread added: 0x0000016af0c47020
Event: 3258.860 Thread 0x0000016af0c47020 Thread exited: 0x0000016af0c47020
Event: 3259.084 Thread 0x0000016af0c43b00 Thread added: 0x0000016af0c43b00
Event: 3259.084 Thread 0x0000016af0c47020 Thread added: 0x0000016af0c47020
Event: 3259.084 Thread 0x0000016af0c4a540 Thread added: 0x0000016af0c4a540
Event: 3259.127 Thread 0x0000016af0c49ff0 Thread added: 0x0000016af0c49ff0
Event: 3259.241 Thread 0x0000016af0c49aa0 Thread added: 0x0000016af0c49aa0
Event: 3264.661 Thread 0x0000016af0c49aa0 Thread exited: 0x0000016af0c49aa0


Dynamic libraries:
0x00007ff77f570000 - 0x00007ff77f57e000 	D:\luis\jdk19\bin\javaw.exe
0x00007ffcedf60000 - 0x00007ffcee169000 	C:\Windows\SYSTEM32\ntdll.dll
0x00007ffcecef0000 - 0x00007ffcecfad000 	C:\Windows\System32\KERNEL32.DLL
0x00007ffceb7f0000 - 0x00007ffcebb74000 	C:\Windows\System32\KERNELBASE.dll
0x00007ffceb6a0000 - 0x00007ffceb7b1000 	C:\Windows\System32\ucrtbase.dll
0x00007ffccebe0000 - 0x00007ffccebf7000 	D:\luis\jdk19\bin\jli.dll
0x00007ffcecbf0000 - 0x00007ffcecd9d000 	C:\Windows\System32\USER32.dll
0x00007ffceb7c0000 - 0x00007ffceb7e6000 	C:\Windows\System32\win32u.dll
0x00007ffcec580000 - 0x00007ffcec5aa000 	C:\Windows\System32\GDI32.dll
0x00007ffcebb80000 - 0x00007ffcebc9e000 	C:\Windows\System32\gdi32full.dll
0x00007ffcebca0000 - 0x00007ffcebd3d000 	C:\Windows\System32\msvcp_win.dll
0x00007ffca9330000 - 0x00007ffca934b000 	D:\luis\jdk19\bin\VCRUNTIME140.dll
0x00007ffcd5ff0000 - 0x00007ffcd6295000 	C:\Windows\WinSxS\amd64_microsoft.windows.common-controls_6595b64144ccf1df_6.0.22000.120_none_9d947278b86cc467\COMCTL32.dll
0x00007ffced4d0000 - 0x00007ffced573000 	C:\Windows\System32\msvcrt.dll
0x00007ffced660000 - 0x00007ffced691000 	C:\Windows\System32\IMM32.DLL
0x00007ffcb9e50000 - 0x00007ffcb9e5c000 	D:\luis\jdk19\bin\vcruntime140_1.dll
0x00007ffca92a0000 - 0x00007ffca932e000 	D:\luis\jdk19\bin\msvcp140.dll
0x00007ffc80540000 - 0x00007ffc81200000 	D:\luis\jdk19\bin\server\jvm.dll
0x00007ffcec5b0000 - 0x00007ffcec65e000 	C:\Windows\System32\ADVAPI32.dll
0x00007ffcec6d0000 - 0x00007ffcec76e000 	C:\Windows\System32\sechost.dll
0x00007ffcecfb0000 - 0x00007ffced0d1000 	C:\Windows\System32\RPCRT4.dll
0x00007ffca9290000 - 0x00007ffca9299000 	C:\Windows\SYSTEM32\WSOCK32.dll
0x00007ffcec8c0000 - 0x00007ffcec92f000 	C:\Windows\System32\WS2_32.dll
0x00007ffce2e70000 - 0x00007ffce2ea3000 	C:\Windows\SYSTEM32\WINMM.dll
0x00007ffce1090000 - 0x00007ffce109a000 	C:\Windows\SYSTEM32\VERSION.dll
0x00007ffcea550000 - 0x00007ffcea568000 	C:\Windows\SYSTEM32\kernel.appcore.dll
0x00007ffca9280000 - 0x00007ffca928a000 	D:\luis\jdk19\bin\jimage.dll
0x00007ffce8a20000 - 0x00007ffce8c41000 	C:\Windows\SYSTEM32\DBGHELP.DLL
0x00007ffcd03a0000 - 0x00007ffcd03d1000 	C:\Windows\SYSTEM32\dbgcore.DLL
0x00007ffceb560000 - 0x00007ffceb5df000 	C:\Windows\System32\bcryptPrimitives.dll
0x00007ffc8e580000 - 0x00007ffc8e5bc000 	D:\luis\jdk19\bin\jdwp.dll
0x00007ffca3280000 - 0x00007ffca328e000 	D:\luis\jdk19\bin\instrument.dll
0x00007ffc8e770000 - 0x00007ffc8e796000 	D:\luis\jdk19\bin\java.dll
0x00007ffc878e0000 - 0x00007ffc879b7000 	D:\luis\jdk19\bin\jsvml.dll
0x00007ffcebdb0000 - 0x00007ffcec575000 	C:\Windows\System32\SHELL32.dll
0x00007ffce94c0000 - 0x00007ffce9d22000 	C:\Windows\SYSTEM32\windows.storage.dll
0x00007ffced150000 - 0x00007ffced4c6000 	C:\Windows\System32\combase.dll
0x00007ffce9350000 - 0x00007ffce94b7000 	C:\Windows\SYSTEM32\wintypes.dll
0x00007ffcecb00000 - 0x00007ffcecbea000 	C:\Windows\System32\SHCORE.dll
0x00007ffcec770000 - 0x00007ffcec7cd000 	C:\Windows\System32\shlwapi.dll
0x00007ffceb320000 - 0x00007ffceb345000 	C:\Windows\SYSTEM32\profapi.dll
0x00007ffca3270000 - 0x00007ffca327c000 	D:\luis\jdk19\bin\dt_socket.dll
0x00007ffcea030000 - 0x00007ffcea05d000 	C:\Windows\SYSTEM32\IPHLPAPI.DLL
0x00007ffceaa00000 - 0x00007ffceaa67000 	C:\Windows\system32\mswsock.dll
0x00007ffcea0b0000 - 0x00007ffcea197000 	C:\Windows\SYSTEM32\DNSAPI.dll
0x00007ffcecaf0000 - 0x00007ffcecaf9000 	C:\Windows\System32\NSI.dll
0x00007ffcdc5c0000 - 0x00007ffcdc5ca000 	C:\Windows\System32\rasadhlp.dll
0x00007ffcdcd20000 - 0x00007ffcdcda1000 	C:\Windows\System32\fwpuclnt.dll
0x00007ffc8d0e0000 - 0x00007ffc8d0f8000 	D:\luis\jdk19\bin\zip.dll
0x00007ffc8d080000 - 0x00007ffc8d093000 	D:\luis\jdk19\bin\net.dll
0x00007ffce3920000 - 0x00007ffce3a34000 	C:\Windows\SYSTEM32\WINHTTP.dll
0x00007ffc8cc20000 - 0x00007ffc8cc36000 	D:\luis\jdk19\bin\nio.dll
0x00007ffca3260000 - 0x00007ffca326a000 	D:\luis\jdk19\bin\management.dll
0x00007ffc95190000 - 0x00007ffc9519b000 	D:\luis\jdk19\bin\management_ext.dll
0x00007ffced6a0000 - 0x00007ffced6a8000 	C:\Windows\System32\PSAPI.DLL
0x00007ffcce660000 - 0x00007ffcce677000 	C:\Windows\system32\napinsp.dll
0x00007ffcce640000 - 0x00007ffcce65b000 	C:\Windows\system32\pnrpnsp.dll
0x00007ffcce620000 - 0x00007ffcce632000 	C:\Windows\System32\winrnr.dll
0x00007ffcdccb0000 - 0x00007ffcdccc5000 	C:\Windows\system32\wshbth.dll
0x00007ffcce600000 - 0x00007ffcce61f000 	C:\Windows\system32\nlansp_c.dll
0x00007ffceac40000 - 0x00007ffceac58000 	C:\Windows\SYSTEM32\CRYPTSP.dll
0x00007ffcea4b0000 - 0x00007ffcea4e5000 	C:\Windows\system32\rsaenh.dll
0x00007ffceaaf0000 - 0x00007ffceab1c000 	C:\Windows\SYSTEM32\USERENV.dll
0x00007ffceadc0000 - 0x00007ffceade7000 	C:\Windows\SYSTEM32\bcrypt.dll
0x00007ffceac60000 - 0x00007ffceac6c000 	C:\Windows\SYSTEM32\CRYPTBASE.dll
0x00007ffce3900000 - 0x00007ffce3919000 	C:\Windows\SYSTEM32\dhcpcsvc6.DLL
0x00007ffce47c0000 - 0x00007ffce47de000 	C:\Windows\SYSTEM32\dhcpcsvc.DLL
0x00007ffc94f50000 - 0x00007ffc94f58000 	D:\luis\jdk19\bin\extnet.dll
0x00007ffc8e570000 - 0x00007ffc8e580000 	D:\luis\jdk19\bin\verify.dll
0x00007ffc8d320000 - 0x00007ffc8d32e000 	D:\luis\jdk19\bin\sunmscapi.dll
0x00007ffceb3f0000 - 0x00007ffceb552000 	C:\Windows\System32\CRYPT32.dll
0x00007ffcead90000 - 0x00007ffceadb8000 	C:\Windows\SYSTEM32\ncrypt.dll
0x00007ffcead50000 - 0x00007ffcead87000 	C:\Windows\SYSTEM32\NTASN1.dll
0x00007ffcdc2c0000 - 0x00007ffcdc2c8000 	C:\Windows\system32\wshunix.dll

dbghelp: loaded successfully - version: 4.0.5 - missing functions: none
symbol engine: initialized successfully - sym options: 0x614 - pdb path: .;D:\luis\jdk19\bin;C:\Windows\SYSTEM32;C:\Windows\WinSxS\amd64_microsoft.windows.common-controls_6595b64144ccf1df_6.0.22000.120_none_9d947278b86cc467;D:\luis\jdk19\bin\server

VM Arguments:
jvm_args: -XX:+ShowCodeDetailsInExceptionMessages -agentlib:jdwp=transport=dt_socket,suspend=y,address=localhost:51722 -Dcom.sun.management.jmxremote -Dcom.sun.management.jmxremote.port=51720 -Dcom.sun.management.jmxremote.authenticate=false -Dcom.sun.management.jmxremote.ssl=false -Djava.rmi.server.hostname=localhost -Dspring.jmx.enabled=true -Dmanagement.endpoints.jmx.exposure.include=* -Dspring.application.admin.enabled=true -XX:TieredStopAtLevel=1 -Dspring.boot.project.name=appp_projeto -javaagent:D:\luis\eclipse\configuration\org.eclipse.osgi\446\0\.cp\lib\javaagent-shaded.jar -Dfile.encoding=UTF-8 -Dstdout.encoding=UTF-8 -Dstderr.encoding=UTF-8 
java_command: com.projeto.ApppProjetoApplication --spring.output.ansi.enabled=always
java_class_path (initial): D:\luis\workspace\appp_projeto\target\classes;D:\luis\m2\repository\org\springframework\boot\spring-boot-starter\3.3.3\spring-boot-starter-3.3.3.jar;D:\luis\m2\repository\org\springframework\boot\spring-boot\3.3.3\spring-boot-3.3.3.jar;D:\luis\m2\repository\org\springframework\spring-context\6.1.12\spring-context-6.1.12.jar;D:\luis\m2\repository\org\springframework\spring-expression\6.1.12\spring-expression-6.1.12.jar;D:\luis\m2\repository\io\micrometer\micrometer-observation\1.13.3\micrometer-observation-1.13.3.jar;D:\luis\m2\repository\io\micrometer\micrometer-commons\1.13.3\micrometer-commons-1.13.3.jar;D:\luis\m2\repository\org\springframework\boot\spring-boot-autoconfigure\3.3.3\spring-boot-autoconfigure-3.3.3.jar;D:\luis\m2\repository\org\springframework\boot\spring-boot-starter-logging\3.3.3\spring-boot-starter-logging-3.3.3.jar;D:\luis\m2\repository\ch\qos\logback\logback-classic\1.5.7\logback-classic-1.5.7.jar;D:\luis\m2\repository\ch\qos\logback\logback-core\1.5.7\logback-core-1.5.7.jar;D:\luis\m2\repository\org\apache\logging\log4j\log4j-to-slf4j\2.23.1\log4j-to-slf4j-2.23.1.jar;D:\luis\m2\repository\org\apache\logging\log4j\log4j-api\2.23.1\log4j-api-2.23.1.jar;D:\luis\m2\repository\org\slf4j\jul-to-slf4j\2.0.16\jul-to-slf4j-2.0.16.jar;D:\luis\m2\repository\jakarta\annotation\jakarta.annotation-api\2.1.1\jakarta.annotation-api-2.1.1.jar;D:\luis\m2\repository\org\springframework\spring-core\6.1.12\spring-core-6.1.12.jar;D:\luis\m2\repository\org\springframework\spring-jcl\6.1.12\spring-jcl-6.1.12.jar;D:\luis\m2\repository\org\yaml\snakeyaml\2.2\snakeyaml-2.2.jar;D:\luis\m2\repository\org\springframework\boot\spring-boot-devtools\3.3.3\spring-boot-devtools-3.3.3.jar;D:\luis\m2\repository\com\jayway\jsonpath\json-path\2.9.0\json-path-2.9.0.jar;D:\luis\m2\repository\org\slf4j\slf4j-api\2.0.16\slf4j-api-2.0.16.jar;D:\luis\m2\repository\jakarta\xml\bind\jakarta.xml.bind-api\4.0.2\jakarta.xml.bind-api-4.0.2.jar;D:\luis\m2\repository\jakarta\activation\jakarta.activation-api\2.1.3\jakarta.activation-api-2.1.3.jar;D:\luis\m2\repository\net\minidev\json-smart\2.5.1\json-smart-2.5.1.jar;D:\luis\m2\repository\net\minidev\accessors-smart\2.5.1\accessors-smart-2.5.1.jar;D:\luis\m2\repository\org\ow2\asm\asm\9.6\asm-9.6.jar;D:\luis\m2\repository\net\bytebuddy\byte-buddy\1.14.19\byte-buddy-1.14.19.jar;D:\luis\m2\repository\org\springframework\boot\spring-boot-starter-data-rest\3.3.3\spring-boot-starter-data-rest-3.3.3.jar;D:\luis\m2\repository\org\springframework\boot\spring-boot-starter-web\3.3.3\spring-boot-starter-web-3.3.3.jar;D:\luis\m2\repository\org\springframework\boot\spring-boot-starter-json\3.3.3\spring-boot-starter-json-3.3.3.jar;D:\luis\m2\repository\com\fasterxml\jackson\datatype\jackson-datatype-jdk8\2.17.2\jackson-datatype-jdk8-2.17.2.jar;D:\luis\m2\repository\com\fasterxml\jackson\datatype\jackson-datatype-jsr310\2.17.2\jackson-datatype-jsr310-2.17.2.jar;D:\luis\m2\repository\com\fasterxml\jackson\module\jackson-module-parameter-names\2.17.2\jackson-module-parameter-names-2.17.2.jar;D:\luis\m2\repository\org\springframework\boot\spring-boot-starter-tomcat\3.3.3\spring-boot-starter-tomcat-3.3.3.jar;D:\luis\m2\repository\org\apache\tomcat\embed\tomcat-embed-core\10.1.28\tomcat-embed-core-10.1.28.jar;D:\luis\m2\repository\org\apache\tomcat\embed\tomcat-embed-el\10.1.28\tomcat-embed-el-10.1.28.jar;D:\luis\m2\repository\org\apache\tomcat\embed\tomcat-embed-websocket\10.1.28\tomcat-embed-websocket-10.1.28.jar;D:\luis\m2\repository\org\springframework\spring-web\6.1.12\spring-web-6.1.12.jar;D:\luis\m2\repository\org\springframework\spring-webmvc\6.1.12\spring-webmvc-6.1.12.jar;D:\luis\m2\repository\org\springframework\data\spring-data-rest-webmvc\4.3.3\spring-data-rest-webmvc-4.3.3.jar;D:\luis\m2\repository\org\springframework\data\spring-data-rest-core\4.3.3\spring-data-rest-core-4.3.3.jar;D:\luis\m2\repository\org\springframework\hateoas\spring-hateoas\2.3.2\spring-hateoas-2.3.2.jar;D:\luis\m2\repository\org\springframework\plugin\spring-plugin-core\3.0.0\spring-plugin-core-3.0.0.jar;D:\luis\m2\repository\org\atteo\evo-inflector\1.3\evo-inflector-1.3.jar;D:\luis\m2\repository\com\fasterxml\jackson\core\jackson-databind\2.17.2\jackson-databind-2.17.2.jar;D:\luis\m2\repository\com\fasterxml\jackson\core\jackson-core\2.17.2\jackson-core-2.17.2.jar;D:\luis\m2\repository\com\fasterxml\jackson\core\jackson-annotations\2.17.2\jackson-annotations-2.17.2.jar;D:\luis\m2\repository\org\springframework\boot\spring-boot-starter-data-jpa\3.3.3\spring-boot-starter-data-jpa-3.3.3.jar;D:\luis\m2\repository\org\springframework\boot\spring-boot-starter-aop\3.3.3\spring-boot-starter-aop-3.3.3.jar;D:\luis\m2\repository\org\springframework\spring-aop\6.1.12\spring-aop-6.1.12.jar;D:\luis\m2\repository\org\aspectj\aspectjweaver\1.9.22.1\aspectjweaver-1.9.22.1.jar;D:\luis\m2\repository\org\springframework\boot\spring-boot-starter-jdbc\3.3.3\spring-boot-starter-jdbc-3.3.3.jar;D:\luis\m2\repository\com\zaxxer\HikariCP\5.1.0\HikariCP-5.1.0.jar;D:\luis\m2\repository\org\springframework\spring-jdbc\6.1.12\spring-jdbc-6.1.12.jar;D:\luis\m2\repository\org\hibernate\orm\hibernate-core\6.5.2.Final\hibernate-core-6.5.2.Final.jar;D:\luis\m2\repository\jakarta\persistence\jakarta.persistence-api\3.1.0\jakarta.persistence-api-3.1.0.jar;D:\luis\m2\repository\jakarta\transaction\jakarta.transaction-api\2.0.1\jakarta.transaction-api-2.0.1.jar;D:\luis\m2\repository\org\jboss\logging\jboss-logging\3.5.3.Final\jboss-logging-3.5.3.Final.jar;D:\luis\m2\repository\org\hibernate\common\hibernate-commons-annotations\6.0.6.Final\hibernate-commons-annotations-6.0.6.Final.jar;D:\luis\m2\repository\io\smallrye\jandex\3.1.2\jandex-3.1.2.jar;D:\luis\m2\repository\com\fasterxml\classmate\1.7.0\classmate-1.7.0.jar;D:\luis\m2\repository\org\glassfish\jaxb\jaxb-runtime\4.0.5\jaxb-runtime-4.0.5.jar;D:\luis\m2\repository\org\glassfish\jaxb\jaxb-core\4.0.5\jaxb-core-4.0.5.jar;D:\luis\m2\repository\org\eclipse\angus\angus-activation\2.0.2\angus-activation-2.0.2.jar;D:\luis\m2\repository\org\glassfish\jaxb\txw2\4.0.5\txw2-4.0.5.jar;D:\luis\m2\repository\com\sun\istack\istack-commons-runtime\4.1.2\istack-commons-runtime-4.1.2.jar;D:\luis\m2\repository\jakarta\inject\jakarta.inject-api\2.0.1\jakarta.inject-api-2.0.1.jar;D:\luis\m2\repository\org\antlr\antlr4-runtime\4.13.0\antlr4-runtime-4.13.0.jar;D:\luis\m2\repository\org\springframework\data\spring-data-jpa\3.3.3\spring-data-jpa-3.3.3.jar;D:\luis\m2\repository\org\springframework\data\spring-data-commons\3.3.3\spring-data-commons-3.3.3.jar;D:\luis\m2\repository\org\springframework\spring-orm\6.1.12\spring-orm-6.1.12.jar;D:\luis\m2\repository\org\springframework\spring-tx\6.1.12\spring-tx-6.1.12.jar;D:\luis\m2\repository\org\springframework\spring-beans\6.1.12\spring-beans-6.1.12.jar;D:\luis\m2\repository\org\springframework\spring-aspects\6.1.12\spring-aspects-6.1.12.jar;D:\luis\m2\repository\com\mysql\mysql-connector-j\8.3.0\mysql-connector-j-8.3.0.jar
Launcher Type: SUN_STANDARD

[Global flags]
     intx CICompilerCount                          = 3                                         {product} {ergonomic}
     uint ConcGCThreads                            = 1                                         {product} {ergonomic}
     uint G1ConcRefinementThreads                  = 4                                         {product} {ergonomic}
   size_t G1HeapRegionSize                         = 4194304                                   {product} {ergonomic}
    uintx GCDrainStackTargetSize                   = 64                                        {product} {ergonomic}
   size_t InitialHeapSize                          = 335544320                                 {product} {ergonomic}
     bool ManagementServer                         = true                                      {product} {command line}
   size_t MarkStackSize                            = 4194304                                   {product} {ergonomic}
   size_t MaxHeapSize                              = 5318377472                                {product} {ergonomic}
   size_t MaxNewSize                               = 3187671040                                {product} {ergonomic}
   size_t MinHeapDeltaBytes                        = 4194304                                   {product} {ergonomic}
   size_t MinHeapSize                              = 8388608                                   {product} {ergonomic}
    uintx NonProfiledCodeHeapSize                  = 0                                      {pd product} {ergonomic}
     bool ProfileInterpreter                       = false                                  {pd product} {command line}
    uintx ProfiledCodeHeapSize                     = 0                                      {pd product} {ergonomic}
     bool ShowCodeDetailsInExceptionMessages       = true                                   {manageable} {command line}
   size_t SoftMaxHeapSize                          = 5318377472                             {manageable} {ergonomic}
     intx TieredStopAtLevel                        = 1                                         {product} {command line}
     bool UseCompressedClassPointers               = true                           {product lp64_product} {ergonomic}
     bool UseCompressedOops                        = true                           {product lp64_product} {ergonomic}
     bool UseG1GC                                  = true                                      {product} {ergonomic}
     bool UseLargePagesIndividualAllocation        = false                                  {pd product} {ergonomic}

Logging:
Log output configuration:
 #0: stdout all=warning uptime,level,tags foldmultilines=false
 #1: stderr all=off uptime,level,tags foldmultilines=false

Environment Variables:
PATH=D:/luis/eclipse//plugins/org.eclipse.justj.openjdk.hotspot.jre.full.win32.x86_64_21.0.4.v20240802-1551/jre/bin/server;D:/luis/eclipse//plugins/org.eclipse.justj.openjdk.hotspot.jre.full.win32.x86_64_21.0.4.v20240802-1551/jre/bin;C:\Python312\Scripts\;C:\Python312\;C:\Program Files\Common Files\Oracle\Java\javapath;C:\Program Files (x86)\Common Files\Oracle\Java\javapath;C:\Windows\system32;C:\Windows;C:\Windows\System32\Wbem;C:\Windows\System32\WindowsPowerShell\v1.0\;C:\Windows\System32\OpenSSH\;C:\Program Files\MiKTeX\miktex\bin\x64\;C:\Program Files\Microsoft SQL Server\150\Tools\Binn\;C:\Program Files\Microsoft SQL Server\Client SDK\ODBC\170\Tools\Binn\;C:\Program Files\dotnet\;C:\Program Files (x86)\Windows Kits\10\Windows Performance Toolkit\;C:\Program Files\Git\cmd;C:\ProgramData\UNIVALI\Portugol Studio;C:\Program Files\PuTTY\;C:\Program Files (x86)\QuickTime\QTSystem\;C:\TDM-GCC-64\bin;C:\xampp\php;C:\ProgramData\ComposerSetup\bin;C:\Program Files\nodejs\;C:\ProgramData\chocolatey\bin;C:\Program Files\Shield\;C:\Users\usuario\AppData\Local\Microsoft\WindowsApps;C:\Users\usuario\.dotnet\tools;C:\Users\usuario\AppData\Local\Programs\Microsoft VS Code\bin;C:\Users\usuario\AppData\Roaming\Composer\vendor\bin;C:\Users\usuario\AppData\Roaming\npm;D:\luis\eclipse;
USERNAME=usuario
OS=Windows_NT
PROCESSOR_IDENTIFIER=Intel64 Family 6 Model 140 Stepping 1, GenuineIntel
TMP=C:\Users\usuario\AppData\Local\Temp
TEMP=C:\Users\usuario\AppData\Local\Temp



---------------  S Y S T E M  ---------------

OS:
 Windows 11 , 64 bit Build 22000 (10.0.22000.2538)
OS uptime: 0 days 1:07 hours
Hyper-V role detected

CPU: total 4 (initial active 4) (2 cores per cpu, 2 threads per core) family 6 model 140 stepping 1 microcode 0x8a, cx8, cmov, fxsr, ht, mmx, 3dnowpref, sse, sse2, sse3, ssse3, sse4.1, sse4.2, popcnt, lzcnt, tsc, tscinvbit, avx, avx2, aes, erms, clmul, bmi1, bmi2, adx, avx512f, avx512dq, avx512cd, avx512bw, avx512vl, sha, fma, vzeroupper, avx512_vpopcntdq, avx512_vpclmulqdq, avx512_vaes, avx512_vnni, clflush, clflushopt, clwb, avx512_vbmi2, avx512_vbmi, hv, rdtscp, rdpid, fsrm, gfni, avx512_bitalg

Memory: 4k page, system-wide physical 20279M (10870M free)
TotalPageFile size 23351M (AvailPageFile size 13198M)
current process WorkingSet (physical memory assigned to process): 263M, peak: 305M
current process commit charge ("private bytes"): 294M, peak: 442M

vm_info: OpenJDK 64-Bit Server VM (19+36-2238) for windows-amd64 JRE (19+36-2238), built on 2022-08-12T20:29:01Z by "mach5one" with MS VC++ 17.1 (VS2022)

END.
